<?xml version="1.0" encoding="UTF-8"?>
<testsuite name="womenTestGradle.WomenTest" tests="1" skipped="0" failures="0" errors="0" timestamp="2020-07-28T16:06:28" hostname="siarheimanko" time="11.157">
  <properties/>
  <testcase name="checkIfIOnWomenPage" classname="womenTestGradle.WomenTest" time="11.157"/>
  <system-out><![CDATA[]]></system-out>
  <system-err><![CDATA[SLF4J: Failed to load class "org.slf4j.impl.StaticLoggerBinder".
SLF4J: Defaulting to no-operation (NOP) logger implementation
SLF4J: See http://www.slf4j.org/codes.html#StaticLoggerBinder for further details.
Jul 28, 2020 6:06:30 PM org.openqa.selenium.remote.ProtocolHandshake createSession
INFO: Detected dialect: W3C
]]></system-err>
</testsuite>
