<?xml version="1.0" encoding="UTF-8"?>
<testsuite name="womenTestGradle.WomenTest" tests="3" skipped="0" failures="0" errors="0" timestamp="2020-07-31T13:34:24" hostname="siarheimanko" time="19.779">
  <properties/>
  <testcase name="checkIfIOnWomenPage" classname="womenTestGradle.WomenTest" time="7.627"/>
  <testcase name="addProductToCart" classname="womenTestGradle.WomenTest" time="7.981"/>
  <testcase name="searchProduct" classname="womenTestGradle.WomenTest" time="4.171"/>
  <system-out><![CDATA[]]></system-out>
  <system-err><![CDATA[SLF4J: Failed to load class "org.slf4j.impl.StaticLoggerBinder".
SLF4J: Defaulting to no-operation (NOP) logger implementation
SLF4J: See http://www.slf4j.org/codes.html#StaticLoggerBinder for further details.
Starting ChromeDriver 84.0.4147.30 (48b3e868b4cc0aa7e8149519690b6f6949e110a8-refs/branch-heads/4147@{#310}) on port 1101
Only local connections are allowed.
Please see https://chromedriver.chromium.org/security-considerations for suggestions on keeping ChromeDriver safe.
ChromeDriver was started successfully.
Jul 31, 2020 3:34:24 PM org.openqa.selenium.remote.ProtocolHandshake createSession
INFO: Detected dialect: W3C
]]></system-err>
</testsuite>
